<?xml version="1.0" encoding="UTF-8"?>
<!-- Generated by org.testng.reporters.JUnitReportReporter -->
<testsuite skipped="0" hostname="BDC4-D-DMSR9B2" name="com.test.demotest_3" tests="1" failures="0" timestamp="2020-02-10T13:17:34 IST" time="60.360" errors="0">
  <testcase name="f" time="60.360" classname="com.test.demotest_3"/>
</testsuite> <!-- com.test.demotest_3 -->
