<?xml version="1.0" encoding="UTF-8"?>
<!-- Generated by org.testng.reporters.JUnitReportReporter -->
<testsuite skipped="0" hostname="BDC4-D-DMSR9B2" name="com.test.demo1_TestNG" tests="2" failures="0" timestamp="2020-02-10T12:16:34 IST" time="0.000" errors="0">
  <testcase name="g" time="0.000" classname="com.test.demo1_TestNG"/>
  <testcase name="f" time="0.000" classname="com.test.demo1_TestNG"/>
</testsuite> <!-- com.test.demo1_TestNG -->
